<?xml version="1.0" encoding="UTF-8"?>
<testng-results ignored="0" total="9" passed="9" failed="0" skipped="0">
  <reporter-output>
  </reporter-output>
  <suite started-at="2023-10-11T19:41:10 ICT" name="Login" finished-at="2023-10-11T19:45:04 ICT" duration-ms="233899">
    <groups>
    </groups>
    <test started-at="2023-10-11T19:41:10 ICT" name="Login test" finished-at="2023-10-11T19:45:04 ICT" duration-ms="233899">
      <class name="com.tricentis.demowebshop.feature.login.Login">
        <test-method is-config="true" signature="setTestData()[pri:0, instance:com.tricentis.demowebshop.feature.login.Login@a8a8b75]" started-at="2023-10-11T19:41:13 ICT" name="setTestData" finished-at="2023-10-11T19:41:15 ICT" duration-ms="2285" status="PASS">
          <reporter-output>
          </reporter-output>
        </test-method> <!-- setTestData -->
        <test-method is-config="true" signature="setUp(java.lang.String)[pri:0, instance:com.tricentis.demowebshop.feature.login.Login@a8a8b75]" started-at="2023-10-11T19:41:15 ICT" name="setUp" finished-at="2023-10-11T19:41:27 ICT" duration-ms="11414" status="PASS">
          <params>
            <param index="0">
              <value>
                <![CDATA[CHROME]]>
              </value>
            </param>
          </params>
          <reporter-output>
          </reporter-output>
        </test-method> <!-- setUp -->
        <test-method signature="VerifyLoginForm(java.lang.String,java.lang.String,java.lang.String,java.lang.String)[pri:0, instance:com.tricentis.demowebshop.feature.login.Login@a8a8b75]" started-at="2023-10-11T19:41:27 ICT" name="VerifyLoginForm" data-provider="testdata" finished-at="2023-10-11T19:42:00 ICT" duration-ms="32851" status="PASS">
          <params>
            <param index="0">
              <value>
                <![CDATA[1]]>
              </value>
            </param>
            <param index="1">
              <value>
                <![CDATA[hihaha@abc.def]]>
              </value>
            </param>
            <param index="2">
              <value>
                <![CDATA[Abcd@1234]]>
              </value>
            </param>
            <param index="3">
              <value>
                <![CDATA[]]>
              </value>
            </param>
          </params>
          <reporter-output>
          </reporter-output>
        </test-method> <!-- VerifyLoginForm -->
        <test-method is-config="true" signature="cleanBrowserAndDriver()[pri:0, instance:com.tricentis.demowebshop.feature.login.Login@a8a8b75]" started-at="2023-10-11T19:42:00 ICT" name="cleanBrowserAndDriver" finished-at="2023-10-11T19:42:02 ICT" duration-ms="1530" status="PASS">
          <reporter-output>
          </reporter-output>
        </test-method> <!-- cleanBrowserAndDriver -->
        <test-method is-config="true" signature="setUp(java.lang.String)[pri:0, instance:com.tricentis.demowebshop.feature.login.Login@a8a8b75]" started-at="2023-10-11T19:42:02 ICT" name="setUp" finished-at="2023-10-11T19:42:10 ICT" duration-ms="8342" status="PASS">
          <params>
            <param index="0">
              <value>
                <![CDATA[CHROME]]>
              </value>
            </param>
          </params>
          <reporter-output>
          </reporter-output>
        </test-method> <!-- setUp -->
        <test-method signature="VerifyLoginForm(java.lang.String,java.lang.String,java.lang.String,java.lang.String)[pri:0, instance:com.tricentis.demowebshop.feature.login.Login@a8a8b75]" started-at="2023-10-11T19:42:10 ICT" name="VerifyLoginForm" data-provider="testdata" finished-at="2023-10-11T19:42:12 ICT" duration-ms="2136" status="PASS">
          <params>
            <param index="0">
              <value>
                <![CDATA[2]]>
              </value>
            </param>
            <param index="1">
              <value>
                <![CDATA[]]>
              </value>
            </param>
            <param index="2">
              <value>
                <![CDATA[Abcd@1234]]>
              </value>
            </param>
            <param index="3">
              <value>
                <![CDATA[No customer account found]]>
              </value>
            </param>
          </params>
          <reporter-output>
          </reporter-output>
        </test-method> <!-- VerifyLoginForm -->
        <test-method is-config="true" signature="cleanBrowserAndDriver()[pri:0, instance:com.tricentis.demowebshop.feature.login.Login@a8a8b75]" started-at="2023-10-11T19:42:12 ICT" name="cleanBrowserAndDriver" finished-at="2023-10-11T19:42:14 ICT" duration-ms="1436" status="PASS">
          <reporter-output>
          </reporter-output>
        </test-method> <!-- cleanBrowserAndDriver -->
        <test-method is-config="true" signature="setUp(java.lang.String)[pri:0, instance:com.tricentis.demowebshop.feature.login.Login@a8a8b75]" started-at="2023-10-11T19:42:14 ICT" name="setUp" finished-at="2023-10-11T19:42:21 ICT" duration-ms="7107" status="PASS">
          <params>
            <param index="0">
              <value>
                <![CDATA[CHROME]]>
              </value>
            </param>
          </params>
          <reporter-output>
          </reporter-output>
        </test-method> <!-- setUp -->
        <test-method signature="VerifyLoginForm(java.lang.String,java.lang.String,java.lang.String,java.lang.String)[pri:0, instance:com.tricentis.demowebshop.feature.login.Login@a8a8b75]" started-at="2023-10-11T19:42:21 ICT" name="VerifyLoginForm" data-provider="testdata" finished-at="2023-10-11T19:42:23 ICT" duration-ms="2230" status="PASS">
          <params>
            <param index="0">
              <value>
                <![CDATA[3]]>
              </value>
            </param>
            <param index="1">
              <value>
                <![CDATA[hihaha@abc.def]]>
              </value>
            </param>
            <param index="2">
              <value>
                <![CDATA[]]>
              </value>
            </param>
            <param index="3">
              <value>
                <![CDATA[The credentials provided are incorrect]]>
              </value>
            </param>
          </params>
          <reporter-output>
          </reporter-output>
        </test-method> <!-- VerifyLoginForm -->
        <test-method is-config="true" signature="cleanBrowserAndDriver()[pri:0, instance:com.tricentis.demowebshop.feature.login.Login@a8a8b75]" started-at="2023-10-11T19:42:23 ICT" name="cleanBrowserAndDriver" finished-at="2023-10-11T19:42:24 ICT" duration-ms="1594" status="PASS">
          <reporter-output>
          </reporter-output>
        </test-method> <!-- cleanBrowserAndDriver -->
        <test-method is-config="true" signature="setUp(java.lang.String)[pri:0, instance:com.tricentis.demowebshop.feature.login.Login@a8a8b75]" started-at="2023-10-11T19:42:24 ICT" name="setUp" finished-at="2023-10-11T19:42:33 ICT" duration-ms="8508" status="PASS">
          <params>
            <param index="0">
              <value>
                <![CDATA[CHROME]]>
              </value>
            </param>
          </params>
          <reporter-output>
          </reporter-output>
        </test-method> <!-- setUp -->
        <test-method signature="VerifyLoginForm(java.lang.String,java.lang.String,java.lang.String,java.lang.String)[pri:0, instance:com.tricentis.demowebshop.feature.login.Login@a8a8b75]" started-at="2023-10-11T19:42:33 ICT" name="VerifyLoginForm" data-provider="testdata" finished-at="2023-10-11T19:42:35 ICT" duration-ms="2073" status="PASS">
          <params>
            <param index="0">
              <value>
                <![CDATA[4]]>
              </value>
            </param>
            <param index="1">
              <value>
                <![CDATA[]]>
              </value>
            </param>
            <param index="2">
              <value>
                <![CDATA[]]>
              </value>
            </param>
            <param index="3">
              <value>
                <![CDATA[No customer account found]]>
              </value>
            </param>
          </params>
          <reporter-output>
          </reporter-output>
        </test-method> <!-- VerifyLoginForm -->
        <test-method is-config="true" signature="cleanBrowserAndDriver()[pri:0, instance:com.tricentis.demowebshop.feature.login.Login@a8a8b75]" started-at="2023-10-11T19:42:35 ICT" name="cleanBrowserAndDriver" finished-at="2023-10-11T19:42:36 ICT" duration-ms="1432" status="PASS">
          <reporter-output>
          </reporter-output>
        </test-method> <!-- cleanBrowserAndDriver -->
        <test-method is-config="true" signature="setUp(java.lang.String)[pri:0, instance:com.tricentis.demowebshop.feature.login.Login@a8a8b75]" started-at="2023-10-11T19:42:36 ICT" name="setUp" finished-at="2023-10-11T19:42:45 ICT" duration-ms="8187" status="PASS">
          <params>
            <param index="0">
              <value>
                <![CDATA[CHROME]]>
              </value>
            </param>
          </params>
          <reporter-output>
          </reporter-output>
        </test-method> <!-- setUp -->
        <test-method signature="VerifyLoginForm(java.lang.String,java.lang.String,java.lang.String,java.lang.String)[pri:0, instance:com.tricentis.demowebshop.feature.login.Login@a8a8b75]" started-at="2023-10-11T19:42:45 ICT" name="VerifyLoginForm" data-provider="testdata" finished-at="2023-10-11T19:42:47 ICT" duration-ms="2514" status="PASS">
          <params>
            <param index="0">
              <value>
                <![CDATA[5]]>
              </value>
            </param>
            <param index="1">
              <value>
                <![CDATA[hihaha@abc.def]]>
              </value>
            </param>
            <param index="2">
              <value>
                <![CDATA[123456]]>
              </value>
            </param>
            <param index="3">
              <value>
                <![CDATA[The credentials provided are incorrect]]>
              </value>
            </param>
          </params>
          <reporter-output>
          </reporter-output>
        </test-method> <!-- VerifyLoginForm -->
        <test-method is-config="true" signature="cleanBrowserAndDriver()[pri:0, instance:com.tricentis.demowebshop.feature.login.Login@a8a8b75]" started-at="2023-10-11T19:42:47 ICT" name="cleanBrowserAndDriver" finished-at="2023-10-11T19:42:49 ICT" duration-ms="1477" status="PASS">
          <reporter-output>
          </reporter-output>
        </test-method> <!-- cleanBrowserAndDriver -->
        <test-method is-config="true" signature="setUp(java.lang.String)[pri:0, instance:com.tricentis.demowebshop.feature.login.Login@a8a8b75]" started-at="2023-10-11T19:42:49 ICT" name="setUp" finished-at="2023-10-11T19:42:58 ICT" duration-ms="9044" status="PASS">
          <params>
            <param index="0">
              <value>
                <![CDATA[CHROME]]>
              </value>
            </param>
          </params>
          <reporter-output>
          </reporter-output>
        </test-method> <!-- setUp -->
        <test-method signature="VerifyLoginForm(java.lang.String,java.lang.String,java.lang.String,java.lang.String)[pri:0, instance:com.tricentis.demowebshop.feature.login.Login@a8a8b75]" started-at="2023-10-11T19:42:58 ICT" name="VerifyLoginForm" data-provider="testdata" finished-at="2023-10-11T19:43:29 ICT" duration-ms="31509" status="PASS">
          <params>
            <param index="0">
              <value>
                <![CDATA[6]]>
              </value>
            </param>
            <param index="1">
              <value>
                <![CDATA[123456]]>
              </value>
            </param>
            <param index="2">
              <value>
                <![CDATA[Abcd@1234]]>
              </value>
            </param>
            <param index="3">
              <value>
                <![CDATA[Please enter a valid email address.]]>
              </value>
            </param>
          </params>
          <reporter-output>
          </reporter-output>
        </test-method> <!-- VerifyLoginForm -->
        <test-method is-config="true" signature="cleanBrowserAndDriver()[pri:0, instance:com.tricentis.demowebshop.feature.login.Login@a8a8b75]" started-at="2023-10-11T19:43:29 ICT" name="cleanBrowserAndDriver" finished-at="2023-10-11T19:43:31 ICT" duration-ms="1621" status="PASS">
          <reporter-output>
          </reporter-output>
        </test-method> <!-- cleanBrowserAndDriver -->
      </class> <!-- com.tricentis.demowebshop.feature.login.Login -->
      <class name="com.tricentis.demowebshop.feature.products.CheckOut">
        <test-method is-config="true" signature="setUp(java.lang.String)[pri:0, instance:com.tricentis.demowebshop.feature.products.CheckOut@73aff8f1]" started-at="2023-10-11T19:44:28 ICT" name="setUp" finished-at="2023-10-11T19:44:36 ICT" duration-ms="7902" status="PASS">
          <params>
            <param index="0">
              <value>
                <![CDATA[CHROME]]>
              </value>
            </param>
          </params>
          <reporter-output>
          </reporter-output>
        </test-method> <!-- setUp -->
        <test-method signature="checkOutSuccessfully()[pri:0, instance:com.tricentis.demowebshop.feature.products.CheckOut@73aff8f1]" started-at="2023-10-11T19:44:36 ICT" name="checkOutSuccessfully" finished-at="2023-10-11T19:45:03 ICT" duration-ms="26248" status="PASS">
          <reporter-output>
          </reporter-output>
        </test-method> <!-- checkOutSuccessfully -->
        <test-method is-config="true" signature="cleanBrowserAndDriver()[pri:0, instance:com.tricentis.demowebshop.feature.products.CheckOut@73aff8f1]" started-at="2023-10-11T19:45:03 ICT" name="cleanBrowserAndDriver" finished-at="2023-10-11T19:45:04 ICT" duration-ms="1586" status="PASS">
          <reporter-output>
          </reporter-output>
        </test-method> <!-- cleanBrowserAndDriver -->
      </class> <!-- com.tricentis.demowebshop.feature.products.CheckOut -->
      <class name="com.tricentis.demowebshop.feature.products.BooksProduct">
        <test-method is-config="true" signature="setUp(java.lang.String)[pri:0, instance:com.tricentis.demowebshop.feature.products.BooksProduct@701a32]" started-at="2023-10-11T19:43:31 ICT" name="setUp" finished-at="2023-10-11T19:43:38 ICT" duration-ms="7358" status="PASS">
          <params>
            <param index="0">
              <value>
                <![CDATA[CHROME]]>
              </value>
            </param>
          </params>
          <reporter-output>
          </reporter-output>
        </test-method> <!-- setUp -->
        <test-method signature="addProductWithHighestRatingToCard()[pri:0, instance:com.tricentis.demowebshop.feature.products.BooksProduct@701a32]" started-at="2023-10-11T19:43:38 ICT" name="addProductWithHighestRatingToCard" finished-at="2023-10-11T19:43:59 ICT" duration-ms="20987" status="PASS">
          <reporter-output>
          </reporter-output>
        </test-method> <!-- addProductWithHighestRatingToCard -->
        <test-method is-config="true" signature="cleanBrowserAndDriver()[pri:0, instance:com.tricentis.demowebshop.feature.products.BooksProduct@701a32]" started-at="2023-10-11T19:43:59 ICT" name="cleanBrowserAndDriver" finished-at="2023-10-11T19:44:01 ICT" duration-ms="1464" status="PASS">
          <reporter-output>
          </reporter-output>
        </test-method> <!-- cleanBrowserAndDriver -->
      </class> <!-- com.tricentis.demowebshop.feature.products.BooksProduct -->
      <class name="com.tricentis.demowebshop.feature.products.ShoppingCart">
        <test-method is-config="true" signature="setUp(java.lang.String)[pri:0, instance:com.tricentis.demowebshop.feature.products.ShoppingCart@39aa45a1]" started-at="2023-10-11T19:44:01 ICT" name="setUp" finished-at="2023-10-11T19:44:08 ICT" duration-ms="6916" status="PASS">
          <params>
            <param index="0">
              <value>
                <![CDATA[CHROME]]>
              </value>
            </param>
          </params>
          <reporter-output>
          </reporter-output>
        </test-method> <!-- setUp -->
        <test-method signature="decreaseItemsOfShoppingCart()[pri:0, instance:com.tricentis.demowebshop.feature.products.ShoppingCart@39aa45a1]" started-at="2023-10-11T19:44:08 ICT" name="decreaseItemsOfShoppingCart" finished-at="2023-10-11T19:44:27 ICT" duration-ms="19273" status="PASS">
          <reporter-output>
          </reporter-output>
        </test-method> <!-- decreaseItemsOfShoppingCart -->
        <test-method is-config="true" signature="cleanBrowserAndDriver()[pri:0, instance:com.tricentis.demowebshop.feature.products.ShoppingCart@39aa45a1]" started-at="2023-10-11T19:44:27 ICT" name="cleanBrowserAndDriver" finished-at="2023-10-11T19:44:28 ICT" duration-ms="1509" status="PASS">
          <reporter-output>
          </reporter-output>
        </test-method> <!-- cleanBrowserAndDriver -->
      </class> <!-- com.tricentis.demowebshop.feature.products.ShoppingCart -->
    </test> <!-- Login test -->
  </suite> <!-- Login -->
</testng-results>
