<?xml version="1.0" encoding="UTF-8"?>
<!-- Generated by org.testng.reporters.JUnitXMLReporter -->
<testsuite ignored="0" hostname="DESKTOP-GPUNE3H" failures="1" tests="1" name="Login test" time="1.958" errors="0" timestamp="2023-10-13T13:41:54 ICT">
  <testcase classname="com.tricentis.demowebshop.feature.login.Login" name="@BeforeTest setTestData" time="0.103">
    <failure type="java.io.FileNotFoundException" message="nulltestdata.xlsx (The system cannot find the file specified)">
      <![CDATA[java.io.FileNotFoundException: nulltestdata.xlsx (The system cannot find the file specified)
at java.base/java.io.FileInputStream.open0(Native Method)
at java.base/java.io.FileInputStream.open(FileInputStream.java:219)
at java.base/java.io.FileInputStream.<init>(FileInputStream.java:157)
at java.base/java.io.FileInputStream.<init>(FileInputStream.java:112)
at com.tricentis.demowebshop.utilities.ExcelUtils.setExcelFileSheet(ExcelUtils.java:36)
at com.tricentis.demowebshop.feature.login.Login.setTestData(Login.java:28)
... Removed 27 stack frames]]>
    </failure>
  </testcase> <!-- @BeforeTest setTestData -->
  <testcase classname="com.tricentis.demowebshop.feature.login.Login" name="VerifyLoginForm" time="0.0">
    <failure type="java.lang.RuntimeException" message="java.lang.NullPointerException">
      <![CDATA[java.lang.RuntimeException: java.lang.NullPointerException
at java.base/java.util.ArrayList.forEach(ArrayList.java:1541)
Caused by: java.lang.NullPointerException
at com.tricentis.demowebshop.utilities.ExcelUtils.getRowNumber(ExcelUtils.java:43)
at com.tricentis.demowebshop.utilities.ExcelUtils.getExcelData(ExcelUtils.java:64)
at com.tricentis.demowebshop.utilities.Utilities.getExcelDataTable(Utilities.java:9)
... 28 more
... Removed 35 stack frames]]>
    </failure>
  </testcase> <!-- VerifyLoginForm -->
</testsuite> <!-- Login test -->
