<?xml version="1.0" encoding="UTF-8"?>
<!-- Generated by org.testng.reporters.JUnitXMLReporter -->
<testsuite ignored="0" hostname="KD-MacBook" failures="0" tests="9" name="Login test" time="233.899" errors="0" timestamp="2023-10-11T19:45:04 ICT">
  <testcase classname="com.tricentis.demowebshop.feature.login.Login" name="VerifyLoginForm" time="32.851"/>
  <testcase classname="com.tricentis.demowebshop.feature.login.Login" name="VerifyLoginForm" time="2.136"/>
  <testcase classname="com.tricentis.demowebshop.feature.login.Login" name="VerifyLoginForm" time="2.23"/>
  <testcase classname="com.tricentis.demowebshop.feature.login.Login" name="VerifyLoginForm" time="2.073"/>
  <testcase classname="com.tricentis.demowebshop.feature.login.Login" name="VerifyLoginForm" time="2.514"/>
  <testcase classname="com.tricentis.demowebshop.feature.login.Login" name="VerifyLoginForm" time="31.509"/>
  <testcase classname="com.tricentis.demowebshop.feature.products.BooksProduct" name="addProductWithHighestRatingToCard" time="20.987"/>
  <testcase classname="com.tricentis.demowebshop.feature.products.ShoppingCart" name="decreaseItemsOfShoppingCart" time="19.273"/>
  <testcase classname="com.tricentis.demowebshop.feature.products.CheckOut" name="checkOutSuccessfully" time="26.248"/>
</testsuite> <!-- Login test -->
